<?xml version="1.0" encoding="UTF-8"?>
<!-- Generated by org.testng.reporters.JUnitXMLReporter -->
<testsuite ignored="0" hostname="DELL" failures="1" tests="2" name="chromebr" time="39.884" errors="0" timestamp="2026-05-26T10:58:29 IST">
  <testcase classname="testcases.logintest" name="login" time="3.446">
    <failure type="java.lang.AssertionError" message="expected [Make Appointmen1t] but found [Make Appointment]">
      <![CDATA[java.lang.AssertionError: expected [Make Appointmen1t] but found [Make Appointment]
at testcases.logintest.login(logintest.java:23)
at java.base/java.util.ArrayList.forEach(ArrayList.java:1596)
... Removed 31 stack frames]]>
    </failure>
  </testcase> <!-- login -->
  <testcase classname="testcases.Apptest" name="appointment_book" time="5.387"/>
</testsuite> <!-- chromebr -->
