<?xml version="1.0" encoding="UTF-8"?>
<!-- Generated by org.testng.reporters.JUnitXMLReporter -->
<testsuite ignored="0" hostname="DELL" failures="0" tests="2" name="firfoxbr" time="421.52" errors="0" timestamp="2026-05-14T15:19:27 IST">
  <testcase classname="testcases.logintest" name="login" time="0.001">
    <skipped/>
  </testcase> <!-- login -->
  <testcase classname="testcases.Apptest" name="appointment_book" time="0.0">
    <skipped/>
  </testcase> <!-- appointment_book -->
</testsuite> <!-- firfoxbr -->
