<?xml version="1.0" encoding="UTF-8"?>
<!-- Generated by org.testng.reporters.JUnitXMLReporter -->
<testsuite ignored="0" hostname="DELL" failures="0" tests="2" name="Test" time="0.201" errors="0" timestamp="2026-05-26T10:57:37 IST">
  <testcase classname="testcases.Baseclass" name="@BeforeClass setup" time="-1.779773257362E9">
    <failure type="org.testng.TestNGException" message="
Parameter &amp;apos;browser&amp;apos; is required by BeforeClass on method setup but has not been marked @Optional or defined
in C:\Users\ADMIN\OneDrive\Desktop\hybrideframework\seleniumproject\crossbrowser.xml">
      <![CDATA[org.testng.TestNGException: 
Parameter 'browser' is required by BeforeClass on method setup but has not been marked @Optional or defined
in C:\Users\ADMIN\OneDrive\Desktop\hybrideframework\seleniumproject\crossbrowser.xml
at java.base/java.util.ArrayList.forEach(ArrayList.java:1596)
... Removed 22 stack frames]]>
    </failure>
  </testcase> <!-- @BeforeClass setup -->
  <testcase classname="testcases.Baseclass" name="@AfterClass teardown" time="0.0">
    <skipped/>
  </testcase> <!-- @AfterClass teardown -->
  <testcase classname="testcases.Baseclass" name="@BeforeClass setup" time="-1.779773257473E9">
    <failure type="org.testng.TestNGException" message="
Parameter &amp;apos;browser&amp;apos; is required by BeforeClass on method setup but has not been marked @Optional or defined
in C:\Users\ADMIN\OneDrive\Desktop\hybrideframework\seleniumproject\crossbrowser.xml">
      <![CDATA[org.testng.TestNGException: 
Parameter 'browser' is required by BeforeClass on method setup but has not been marked @Optional or defined
in C:\Users\ADMIN\OneDrive\Desktop\hybrideframework\seleniumproject\crossbrowser.xml
at java.base/java.util.ArrayList.forEach(ArrayList.java:1596)
... Removed 22 stack frames]]>
    </failure>
  </testcase> <!-- @BeforeClass setup -->
  <testcase classname="testcases.Baseclass" name="@AfterClass teardown" time="0.0">
    <skipped/>
  </testcase> <!-- @AfterClass teardown -->
  <testcase classname="testcases.logintest" name="login" time="0.001">
    <skipped/>
  </testcase> <!-- login -->
  <testcase classname="testcases.Apptest" name="appointment_book" time="0.0">
    <skipped/>
  </testcase> <!-- appointment_book -->
</testsuite> <!-- Test -->
