<?xml version="1.0" encoding="UTF-8"?>
<testng-results ignored="0" total="2" passed="2" failed="0" skipped="0">
  <reporter-output>
  </reporter-output>
  <suite started-at="2026-05-27T11:50:52 IST" name="Suite" finished-at="2026-05-27T11:51:18 IST" duration-ms="26353">
    <groups>
    </groups>
    <test started-at="2026-05-27T11:50:52 IST" name="Test" finished-at="2026-05-27T11:51:18 IST" duration-ms="26353">
      <class name="testcases.Apptest">
        <test-method is-config="true" signature="setup()[pri:0, instance:testcases.Apptest@74287ea3]" started-at="2026-05-27T11:51:07 IST" name="setup" finished-at="2026-05-27T11:51:14 IST" duration-ms="7605" status="PASS">
          <reporter-output>
          </reporter-output>
        </test-method> <!-- setup -->
        <test-method signature="appointment_book()[pri:0, instance:testcases.Apptest@74287ea3]" started-at="2026-05-27T11:51:14 IST" name="appointment_book" finished-at="2026-05-27T11:51:18 IST" duration-ms="3524" status="PASS">
          <reporter-output>
          </reporter-output>
        </test-method> <!-- appointment_book -->
        <test-method is-config="true" signature="teardown()[pri:0, instance:testcases.Apptest@74287ea3]" started-at="2026-05-27T11:51:18 IST" name="teardown" finished-at="2026-05-27T11:51:18 IST" duration-ms="311" status="PASS">
          <reporter-output>
          </reporter-output>
        </test-method> <!-- teardown -->
      </class> <!-- testcases.Apptest -->
      <class name="testcases.logintest">
        <test-method is-config="true" signature="setup()[pri:0, instance:testcases.logintest@45efd90f]" started-at="2026-05-27T11:50:52 IST" name="setup" finished-at="2026-05-27T11:51:03 IST" duration-ms="11359" status="PASS">
          <reporter-output>
          </reporter-output>
        </test-method> <!-- setup -->
        <test-method signature="login()[pri:0, instance:testcases.logintest@45efd90f]" started-at="2026-05-27T11:51:04 IST" name="login" finished-at="2026-05-27T11:51:06 IST" duration-ms="2493" status="PASS">
          <reporter-output>
          </reporter-output>
        </test-method> <!-- login -->
        <test-method is-config="true" signature="teardown()[pri:0, instance:testcases.logintest@45efd90f]" started-at="2026-05-27T11:51:06 IST" name="teardown" finished-at="2026-05-27T11:51:07 IST" duration-ms="807" status="PASS">
          <reporter-output>
          </reporter-output>
        </test-method> <!-- teardown -->
      </class> <!-- testcases.logintest -->
    </test> <!-- Test -->
  </suite> <!-- Suite -->
</testng-results>
